[Wed Oct 5 20:38:13 2016] [ow_core_log] [Notice] Message: Undefined index: HTTP_USER_AGENT File: /home/dancemee/public_html/ow_core/request.php Line:137
[Wed Oct 5 20:38:20 2016] [ow_core_log] [Notice] Message: Undefined index: HTTP_USER_AGENT File: /home/dancemee/public_html/ow_core/request.php Line:137
[Thu Oct 6 9:47:44 2016] [ow_core_log] [Notice] Message: Undefined index: HTTP_USER_AGENT File: /home/dancemee/public_html/ow_core/request.php Line:137
[Thu Oct 6 9:47:46 2016] [ow_core_log] [Notice] Message: Undefined index: HTTP_USER_AGENT File: /home/dancemee/public_html/ow_core/request.php Line:137
[Fri Oct 14 10:13:40 2016] [ow_core_log] [Notice] Message: Undefined index: user File: /home/dancemee/public_html/ow_plugins/photo/components/page_head.php Line:128
[Fri Oct 14 10:13:40 2016] [ow_core_log] [Exception] Message: SQLSTATE[42000]: Syntax error or access violation: 1064 You have an error in your SQL syntax; check the manual that corresponds to your MySQL server version for the right syntax to use near 'LIMIT 0, 1' at line 1 File: /home/dancemee/public_html/ow_core/database.php Line:723 Trace: [#0 /home/dancemee/public_html/ow_core/database.php(723): PDOStatement->execute() | #1 /home/dancemee/public_html/ow_core/database.php(308): OW_Database->execute('SELECT * FROM o...', Array) | #2 /home/dancemee/public_html/ow_core/base_dao.php(114): OW_Database->queryForObject('SELECT * FROM o...', 'BOL_User', Array, 0, Array) | #3 /home/dancemee/public_html/ow_system_plugins/base/bol/user_dao.php(200): OW_BaseDao->findObjectByExample(Object(OW_Example)) | #4 /home/dancemee/public_html/ow_system_plugins/base/bol/user_service.php(326): BOL_UserDao->findByUserName(NULL) | #5 /home/dancemee/public_html/ow_plugins/photo/components/page_head.php(128): BOL_UserService->findByUsername(NULL) | #6 [internal function]: PHOTO_CMP_PageHead->__construct(false, NULL) | #7 /home/dancemee/public_html/ow_core/ow.php(492): ReflectionClass->newInstanceArgs(Array) | #8 /home/dancemee/public_html/ow_core/ow.php(456): OW::getClassInstanceArray('PHOTO_CMP_PageH...', Array) | #9 /home/dancemee/public_html/ow_plugins/photo/controllers/photo.php(184): OW::getClassInstance('PHOTO_CMP_PageH...', false, NULL) | #10 /home/dancemee/public_html/ow_core/request_handler.php(224): PHOTO_CTRL_Photo->init() | #11 /home/dancemee/public_html/ow_core/application.php(346): OW_RequestHandler->dispatch() | #12 /home/dancemee/public_html/index.php(76): OW_Application->handleRequest() | #13 {main}]
[Sat Oct 15 4:37:52 2016] [ow_core_log] [Notice] Message: Undefined index: url File: /home/dancemee/public_html/ow_smarty/template_c/62887c5ddcb2575c628901def54dfa311545b18b_0.file.sort_control.html.php Line:45
[Sat Oct 15 4:37:52 2016] [ow_core_log] [Notice] Message: Undefined index: label File: /home/dancemee/public_html/ow_smarty/template_c/62887c5ddcb2575c628901def54dfa311545b18b_0.file.sort_control.html.php Line:48
[Sun Oct 16 18:32:21 2016] [ow_core_log] [Notice] Message: Undefined index: HTTP_USER_AGENT File: /home/dancemee/public_html/ow_core/request.php Line:137
[Mon Oct 17 17:06:14 2016] [ow_core_log] [Notice] Message: Undefined index: HTTP_USER_AGENT File: /home/dancemee/public_html/ow_core/request.php Line:137
[Thu Oct 20 9:09:19 2016] [ow_core_log] [Exception] Message: SQLSTATE[23000]: Integrity constraint violation: 1048 Column 'initiatorMessageId' cannot be null File: /home/dancemee/public_html/ow_core/database.php Line:723 Trace: [#0 /home/dancemee/public_html/ow_core/database.php(723): PDOStatement->execute() | #1 /home/dancemee/public_html/ow_core/database.php(476): OW_Database->execute('INSERT INTO `ow...', Array) | #2 /home/dancemee/public_html/ow_core/database.php(512): OW_Database->insert('INSERT INTO `ow...', Array) | #3 /home/dancemee/public_html/ow_core/base_dao.php(216): OW_Database->insertObject('ow_mailbox_last...', Object(MAILBOX_BOL_LastMessage)) | #4 /home/dancemee/public_html/ow_plugins/mailbox/bol/conversation_service.php(1114): OW_BaseDao->save(Object(MAILBOX_BOL_LastMessage)) | #5 /home/dancemee/public_html/ow_plugins/mailbox/bol/conversation_service.php(886): MAILBOX_BOL_ConversationService->addMessage(Object(MAILBOX_BOL_Conversation), 26, 'Cucciolo ciao', false) | #6 /home/dancemee/public_html/ow_plugins/mailbox/bol/ajax_service.php(183): MAILBOX_BOL_ConversationService->createMessage(Object(MAILBOX_BOL_Conversation), 26, 'Cucciolo ciao') | #7 /home/dancemee/public_html/ow_plugins/mailbox/classes/event_handler.php(908): MAILBOX_BOL_AjaxService->postMessage(Array) | #8 [internal function]: MAILBOX_CLASS_EventHandler->onPing(Object(OW_Event)) | #9 /home/dancemee/public_html/ow_core/event_manager.php(228): call_user_func(Array, Object(OW_Event)) | #10 /home/dancemee/public_html/ow_plugins/mailbox/controllers/ajax.php(219): OW_EventManager->trigger(Object(OW_Event)) | #11 [internal function]: MAILBOX_CTRL_Ajax->ping(Array) | #12 /home/dancemee/public_html/ow_core/request_handler.php(250): ReflectionMethod->invokeArgs(Object(MAILBOX_CTRL_Ajax), Array) | #13 /home/dancemee/public_html/ow_core/request_handler.php(226): OW_RequestHandler->processControllerAction(Object(ReflectionMethod), Object(MAILBOX_CTRL_Ajax)) | #14 /home/dancemee/public_html/ow_core/application.php(346): OW_RequestHandler->dispatch() | #15 /home/dancemee/public_html/index.php(76): OW_Application->handleRequest() | #16 {main}]
[Thu Oct 20 9:09:54 2016] [ow_core_log] [Exception] Message: SQLSTATE[23000]: Integrity constraint violation: 1048 Column 'initiatorMessageId' cannot be null File: /home/dancemee/public_html/ow_core/database.php Line:723 Trace: [#0 /home/dancemee/public_html/ow_core/database.php(723): PDOStatement->execute() | #1 /home/dancemee/public_html/ow_core/database.php(476): OW_Database->execute('INSERT INTO `ow...', Array) | #2 /home/dancemee/public_html/ow_core/database.php(512): OW_Database->insert('INSERT INTO `ow...', Array) | #3 /home/dancemee/public_html/ow_core/base_dao.php(216): OW_Database->insertObject('ow_mailbox_last...', Object(MAILBOX_BOL_LastMessage)) | #4 /home/dancemee/public_html/ow_plugins/mailbox/bol/conversation_service.php(1114): OW_BaseDao->save(Object(MAILBOX_BOL_LastMessage)) | #5 /home/dancemee/public_html/ow_plugins/mailbox/bol/conversation_service.php(886): MAILBOX_BOL_ConversationService->addMessage(Object(MAILBOX_BOL_Conversation), 26, 'Manca bottone "...', false) | #6 /home/dancemee/public_html/ow_plugins/mailbox/bol/ajax_service.php(183): MAILBOX_BOL_ConversationService->createMessage(Object(MAILBOX_BOL_Conversation), 26, 'Manca bottone "...') | #7 /home/dancemee/public_html/ow_plugins/mailbox/classes/event_handler.php(908): MAILBOX_BOL_AjaxService->postMessage(Array) | #8 [internal function]: MAILBOX_CLASS_EventHandler->onPing(Object(OW_Event)) | #9 /home/dancemee/public_html/ow_core/event_manager.php(228): call_user_func(Array, Object(OW_Event)) | #10 /home/dancemee/public_html/ow_plugins/mailbox/controllers/ajax.php(219): OW_EventManager->trigger(Object(OW_Event)) | #11 [internal function]: MAILBOX_CTRL_Ajax->ping(Array) | #12 /home/dancemee/public_html/ow_core/request_handler.php(250): ReflectionMethod->invokeArgs(Object(MAILBOX_CTRL_Ajax), Array) | #13 /home/dancemee/public_html/ow_core/request_handler.php(226): OW_RequestHandler->processControllerAction(Object(ReflectionMethod), Object(MAILBOX_CTRL_Ajax)) | #14 /home/dancemee/public_html/ow_core/application.php(346): OW_RequestHandler->dispatch() | #15 /home/dancemee/public_html/index.php(76): OW_Application->handleRequest() | #16 {main}]
[Thu Oct 20 9:10:17 2016] [ow_core_log] [Exception] Message: SQLSTATE[23000]: Integrity constraint violation: 1048 Column 'initiatorMessageId' cannot be null File: /home/dancemee/public_html/ow_core/database.php Line:723 Trace: [#0 /home/dancemee/public_html/ow_core/database.php(723): PDOStatement->execute() | #1 /home/dancemee/public_html/ow_core/database.php(476): OW_Database->execute('INSERT INTO `ow...', Array) | #2 /home/dancemee/public_html/ow_core/database.php(512): OW_Database->insert('INSERT INTO `ow...', Array) | #3 /home/dancemee/public_html/ow_core/base_dao.php(216): OW_Database->insertObject('ow_mailbox_last...', Object(MAILBOX_BOL_LastMessage)) | #4 /home/dancemee/public_html/ow_plugins/mailbox/bol/conversation_service.php(1114): OW_BaseDao->save(Object(MAILBOX_BOL_LastMessage)) | #5 /home/dancemee/public_html/ow_plugins/mailbox/bol/conversation_service.php(886): MAILBOX_BOL_ConversationService->addMessage(Object(MAILBOX_BOL_Conversation), 26, 'Hahaa, perche' ...', false) | #6 /home/dancemee/public_html/ow_plugins/mailbox/bol/ajax_service.php(183): MAILBOX_BOL_ConversationService->createMessage(Object(MAILBOX_BOL_Conversation), 26, 'Hahaa, perche' ...') | #7 /home/dancemee/public_html/ow_plugins/mailbox/classes/event_handler.php(908): MAILBOX_BOL_AjaxService->postMessage(Array) | #8 [internal function]: MAILBOX_CLASS_EventHandler->onPing(Object(OW_Event)) | #9 /home/dancemee/public_html/ow_core/event_manager.php(228): call_user_func(Array, Object(OW_Event)) | #10 /home/dancemee/public_html/ow_plugins/mailbox/controllers/ajax.php(219): OW_EventManager->trigger(Object(OW_Event)) | #11 [internal function]: MAILBOX_CTRL_Ajax->ping(Array) | #12 /home/dancemee/public_html/ow_core/request_handler.php(250): ReflectionMethod->invokeArgs(Object(MAILBOX_CTRL_Ajax), Array) | #13 /home/dancemee/public_html/ow_core/request_handler.php(226): OW_RequestHandler->processControllerAction(Object(ReflectionMethod), Object(MAILBOX_CTRL_Ajax)) | #14 /home/dancemee/public_html/ow_core/application.php(346): OW_RequestHandler->dispatch() | #15 /home/dancemee/public_html/index.php(76): OW_Application->handleRequest() | #16 {main}]
[Thu Oct 20 9:12:40 2016] [ow_core_log] [Exception] Message: SQLSTATE[23000]: Integrity constraint violation: 1048 Column 'initiatorMessageId' cannot be null File: /home/dancemee/public_html/ow_core/database.php Line:723 Trace: [#0 /home/dancemee/public_html/ow_core/database.php(723): PDOStatement->execute() | #1 /home/dancemee/public_html/ow_core/database.php(476): OW_Database->execute('INSERT INTO `ow...', Array) | #2 /home/dancemee/public_html/ow_core/database.php(512): OW_Database->insert('INSERT INTO `ow...', Array) | #3 /home/dancemee/public_html/ow_core/base_dao.php(216): OW_Database->insertObject('ow_mailbox_last...', Object(MAILBOX_BOL_LastMessage)) | #4 /home/dancemee/public_html/ow_plugins/mailbox/bol/conversation_service.php(1114): OW_BaseDao->save(Object(MAILBOX_BOL_LastMessage)) | #5 /home/dancemee/public_html/ow_plugins/mailbox/bol/conversation_service.php(886): MAILBOX_BOL_ConversationService->addMessage(Object(MAILBOX_BOL_Conversation), 26, 'Voglio cambiare...', false) | #6 /home/dancemee/public_html/ow_plugins/mailbox/bol/ajax_service.php(183): MAILBOX_BOL_ConversationService->createMessage(Object(MAILBOX_BOL_Conversation), 26, 'Voglio cambiare...') | #7 /home/dancemee/public_html/ow_plugins/mailbox/classes/event_handler.php(908): MAILBOX_BOL_AjaxService->postMessage(Array) | #8 [internal function]: MAILBOX_CLASS_EventHandler->onPing(Object(OW_Event)) | #9 /home/dancemee/public_html/ow_core/event_manager.php(228): call_user_func(Array, Object(OW_Event)) | #10 /home/dancemee/public_html/ow_plugins/mailbox/controllers/ajax.php(219): OW_EventManager->trigger(Object(OW_Event)) | #11 [internal function]: MAILBOX_CTRL_Ajax->ping(Array) | #12 /home/dancemee/public_html/ow_core/request_handler.php(250): ReflectionMethod->invokeArgs(Object(MAILBOX_CTRL_Ajax), Array) | #13 /home/dancemee/public_html/ow_core/request_handler.php(226): OW_RequestHandler->processControllerAction(Object(ReflectionMethod), Object(MAILBOX_CTRL_Ajax)) | #14 /home/dancemee/public_html/ow_core/application.php(346): OW_RequestHandler->dispatch() | #15 /home/dancemee/public_html/index.php(76): OW_Application->handleRequest() | #16 {main}]
[Sat Oct 22 6:04:48 2016] [ow_core_log] [Notice] Message: Undefined index: HTTP_USER_AGENT File: /home/dancemee/public_html/ow_core/request.php Line:137
[Sat Oct 22 6:04:49 2016] [ow_core_log] [Notice] Message: Undefined index: HTTP_USER_AGENT File: /home/dancemee/public_html/ow_core/request.php Line:137
[Sat Oct 22 6:04:50 2016] [ow_core_log] [Notice] Message: Undefined index: HTTP_USER_AGENT File: /home/dancemee/public_html/ow_core/request.php Line:137
[Sat Oct 22 6:04:50 2016] [ow_core_log] [Notice] Message: Undefined index: HTTP_USER_AGENT File: /home/dancemee/public_html/ow_core/request.php Line:137
[Sat Oct 22 6:04:51 2016] [ow_core_log] [Notice] Message: Undefined index: HTTP_USER_AGENT File: /home/dancemee/public_html/ow_core/request.php Line:137
[Sat Oct 22 6:04:52 2016] [ow_core_log] [Notice] Message: Undefined index: HTTP_USER_AGENT File: /home/dancemee/public_html/ow_core/request.php Line:137
[Sat Oct 22 6:04:52 2016] [ow_core_log] [Notice] Message: Undefined index: HTTP_USER_AGENT File: /home/dancemee/public_html/ow_core/request.php Line:137
[Sat Oct 22 6:04:53 2016] [ow_core_log] [Notice] Message: Undefined index: HTTP_USER_AGENT File: /home/dancemee/public_html/ow_core/request.php Line:137
[Sat Oct 22 6:04:54 2016] [ow_core_log] [Notice] Message: Undefined index: HTTP_USER_AGENT File: /home/dancemee/public_html/ow_core/request.php Line:137
[Sat Oct 22 6:04:54 2016] [ow_core_log] [Notice] Message: Undefined index: HTTP_USER_AGENT File: /home/dancemee/public_html/ow_core/request.php Line:137
[Sat Oct 22 6:04:55 2016] [ow_core_log] [Notice] Message: Undefined index: HTTP_USER_AGENT File: /home/dancemee/public_html/ow_core/request.php Line:137
[Sat Oct 22 6:04:56 2016] [ow_core_log] [Notice] Message: Undefined index: HTTP_USER_AGENT File: /home/dancemee/public_html/ow_core/request.php Line:137
[Sat Oct 22 6:04:56 2016] [ow_core_log] [Notice] Message: Undefined index: HTTP_USER_AGENT File: /home/dancemee/public_html/ow_core/request.php Line:137
[Sat Oct 22 6:04:57 2016] [ow_core_log] [Notice] Message: Undefined index: HTTP_USER_AGENT File: /home/dancemee/public_html/ow_core/request.php Line:137
[Sat Oct 22 6:04:58 2016] [ow_core_log] [Notice] Message: Undefined index: HTTP_USER_AGENT File: /home/dancemee/public_html/ow_core/request.php Line:137
[Sat Oct 22 11:17:37 2016] [ow_core_log] [Notice] Message: Undefined index: HTTP_USER_AGENT File: /home/dancemee/public_html/ow_core/request.php Line:137
[Sat Oct 22 11:17:38 2016] [ow_core_log] [Notice] Message: Undefined index: HTTP_USER_AGENT File: /home/dancemee/public_html/ow_core/request.php Line:137
[Sat Oct 22 11:17:38 2016] [ow_core_log] [Notice] Message: Undefined index: HTTP_USER_AGENT File: /home/dancemee/public_html/ow_core/request.php Line:137
[Sat Oct 22 11:17:39 2016] [ow_core_log] [Notice] Message: Undefined index: HTTP_USER_AGENT File: /home/dancemee/public_html/ow_core/request.php Line:137
[Sat Oct 22 11:17:39 2016] [ow_core_log] [Notice] Message: Undefined index: HTTP_USER_AGENT File: /home/dancemee/public_html/ow_core/request.php Line:137
[Sat Oct 22 11:17:40 2016] [ow_core_log] [Notice] Message: Undefined index: HTTP_USER_AGENT File: /home/dancemee/public_html/ow_core/request.php Line:137
[Sat Oct 22 11:17:41 2016] [ow_core_log] [Notice] Message: Undefined index: HTTP_USER_AGENT File: /home/dancemee/public_html/ow_core/request.php Line:137
[Sat Oct 22 11:17:41 2016] [ow_core_log] [Notice] Message: Undefined index: HTTP_USER_AGENT File: /home/dancemee/public_html/ow_core/request.php Line:137
[Sat Oct 22 11:17:42 2016] [ow_core_log] [Notice] Message: Undefined index: HTTP_USER_AGENT File: /home/dancemee/public_html/ow_core/request.php Line:137
[Sat Oct 22 11:17:42 2016] [ow_core_log] [Notice] Message: Undefined index: HTTP_USER_AGENT File: /home/dancemee/public_html/ow_core/request.php Line:137
[Sat Oct 22 11:17:43 2016] [ow_core_log] [Notice] Message: Undefined index: HTTP_USER_AGENT File: /home/dancemee/public_html/ow_core/request.php Line:137
[Sat Oct 22 11:17:43 2016] [ow_core_log] [Notice] Message: Undefined index: HTTP_USER_AGENT File: /home/dancemee/public_html/ow_core/request.php Line:137
[Sat Oct 22 11:17:44 2016] [ow_core_log] [Notice] Message: Undefined index: HTTP_USER_AGENT File: /home/dancemee/public_html/ow_core/request.php Line:137
[Sat Oct 22 11:17:45 2016] [ow_core_log] [Notice] Message: Undefined index: HTTP_USER_AGENT File: /home/dancemee/public_html/ow_core/request.php Line:137
[Sat Oct 22 11:17:45 2016] [ow_core_log] [Notice] Message: Undefined index: HTTP_USER_AGENT File: /home/dancemee/public_html/ow_core/request.php Line:137
[Sun Oct 23 7:20:44 2016] [ow_core_log] [Notice] Message: Undefined index: HTTP_USER_AGENT File: /home/dancemee/public_html/ow_core/request.php Line:137
[Sun Oct 23 7:20:45 2016] [ow_core_log] [Notice] Message: Undefined index: HTTP_USER_AGENT File: /home/dancemee/public_html/ow_core/request.php Line:137
[Sun Oct 23 7:20:45 2016] [ow_core_log] [Notice] Message: Undefined index: HTTP_USER_AGENT File: /home/dancemee/public_html/ow_core/request.php Line:137
[Sun Oct 23 7:20:46 2016] [ow_core_log] [Notice] Message: Undefined index: HTTP_USER_AGENT File: /home/dancemee/public_html/ow_core/request.php Line:137
[Sun Oct 23 7:20:46 2016] [ow_core_log] [Notice] Message: Undefined index: HTTP_USER_AGENT File: /home/dancemee/public_html/ow_core/request.php Line:137
[Sun Oct 23 7:20:47 2016] [ow_core_log] [Notice] Message: Undefined index: HTTP_USER_AGENT File: /home/dancemee/public_html/ow_core/request.php Line:137
[Sun Oct 23 7:20:47 2016] [ow_core_log] [Notice] Message: Undefined index: HTTP_USER_AGENT File: /home/dancemee/public_html/ow_core/request.php Line:137
[Sun Oct 23 7:20:48 2016] [ow_core_log] [Notice] Message: Undefined index: HTTP_USER_AGENT File: /home/dancemee/public_html/ow_core/request.php Line:137
[Sun Oct 23 7:20:49 2016] [ow_core_log] [Notice] Message: Undefined index: HTTP_USER_AGENT File: /home/dancemee/public_html/ow_core/request.php Line:137
[Sun Oct 23 7:20:49 2016] [ow_core_log] [Notice] Message: Undefined index: HTTP_USER_AGENT File: /home/dancemee/public_html/ow_core/request.php Line:137
[Sun Oct 23 7:20:50 2016] [ow_core_log] [Notice] Message: Undefined index: HTTP_USER_AGENT File: /home/dancemee/public_html/ow_core/request.php Line:137
[Sun Oct 23 7:20:50 2016] [ow_core_log] [Notice] Message: Undefined index: HTTP_USER_AGENT File: /home/dancemee/public_html/ow_core/request.php Line:137
[Sun Oct 23 7:20:51 2016] [ow_core_log] [Notice] Message: Undefined index: HTTP_USER_AGENT File: /home/dancemee/public_html/ow_core/request.php Line:137
[Sun Oct 23 7:20:51 2016] [ow_core_log] [Notice] Message: Undefined index: HTTP_USER_AGENT File: /home/dancemee/public_html/ow_core/request.php Line:137
[Sun Oct 23 7:20:52 2016] [ow_core_log] [Notice] Message: Undefined index: HTTP_USER_AGENT File: /home/dancemee/public_html/ow_core/request.php Line:137
[Sun Oct 23 10:03:14 2016] [ow_core_log] [Notice] Message: Undefined index: HTTP_USER_AGENT File: /home/dancemee/public_html/ow_core/request.php Line:137
[Sun Oct 23 10:03:15 2016] [ow_core_log] [Notice] Message: Undefined index: HTTP_USER_AGENT File: /home/dancemee/public_html/ow_core/request.php Line:137
[Sun Oct 23 10:03:16 2016] [ow_core_log] [Notice] Message: Undefined index: HTTP_USER_AGENT File: /home/dancemee/public_html/ow_core/request.php Line:137
[Sun Oct 23 10:03:17 2016] [ow_core_log] [Notice] Message: Undefined index: HTTP_USER_AGENT File: /home/dancemee/public_html/ow_core/request.php Line:137
[Sun Oct 23 10:03:17 2016] [ow_core_log] [Notice] Message: Undefined index: HTTP_USER_AGENT File: /home/dancemee/public_html/ow_core/request.php Line:137
[Sun Oct 23 10:03:18 2016] [ow_core_log] [Notice] Message: Undefined index: HTTP_USER_AGENT File: /home/dancemee/public_html/ow_core/request.php Line:137
[Sun Oct 23 10:03:19 2016] [ow_core_log] [Notice] Message: Undefined index: HTTP_USER_AGENT File: /home/dancemee/public_html/ow_core/request.php Line:137
[Sun Oct 23 10:03:19 2016] [ow_core_log] [Notice] Message: Undefined index: HTTP_USER_AGENT File: /home/dancemee/public_html/ow_core/request.php Line:137
[Sun Oct 23 10:03:20 2016] [ow_core_log] [Notice] Message: Undefined index: HTTP_USER_AGENT File: /home/dancemee/public_html/ow_core/request.php Line:137
[Sun Oct 23 10:03:21 2016] [ow_core_log] [Notice] Message: Undefined index: HTTP_USER_AGENT File: /home/dancemee/public_html/ow_core/request.php Line:137
[Sun Oct 23 10:03:22 2016] [ow_core_log] [Notice] Message: Undefined index: HTTP_USER_AGENT File: /home/dancemee/public_html/ow_core/request.php Line:137
[Sun Oct 23 10:03:22 2016] [ow_core_log] [Notice] Message: Undefined index: HTTP_USER_AGENT File: /home/dancemee/public_html/ow_core/request.php Line:137
[Sun Oct 23 10:03:23 2016] [ow_core_log] [Notice] Message: Undefined index: HTTP_USER_AGENT File: /home/dancemee/public_html/ow_core/request.php Line:137
[Sun Oct 23 10:03:24 2016] [ow_core_log] [Notice] Message: Undefined index: HTTP_USER_AGENT File: /home/dancemee/public_html/ow_core/request.php Line:137
[Sun Oct 23 10:03:24 2016] [ow_core_log] [Notice] Message: Undefined index: HTTP_USER_AGENT File: /home/dancemee/public_html/ow_core/request.php Line:137
[Sun Oct 23 11:18:28 2016] [ow_core_log] [Notice] Message: Undefined index: HTTP_USER_AGENT File: /home/dancemee/public_html/ow_core/request.php Line:137
[Sun Oct 23 11:18:29 2016] [ow_core_log] [Notice] Message: Undefined index: HTTP_USER_AGENT File: /home/dancemee/public_html/ow_core/request.php Line:137
[Sun Oct 23 11:18:31 2016] [ow_core_log] [Notice] Message: Undefined index: HTTP_USER_AGENT File: /home/dancemee/public_html/ow_core/request.php Line:137
[Sun Oct 23 11:18:32 2016] [ow_core_log] [Notice] Message: Undefined index: HTTP_USER_AGENT File: /home/dancemee/public_html/ow_core/request.php Line:137
[Sun Oct 23 11:18:33 2016] [ow_core_log] [Notice] Message: Undefined index: HTTP_USER_AGENT File: /home/dancemee/public_html/ow_core/request.php Line:137
[Sun Oct 23 11:18:34 2016] [ow_core_log] [Notice] Message: Undefined index: HTTP_USER_AGENT File: /home/dancemee/public_html/ow_core/request.php Line:137
[Sun Oct 23 11:18:35 2016] [ow_core_log] [Notice] Message: Undefined index: HTTP_USER_AGENT File: /home/dancemee/public_html/ow_core/request.php Line:137
[Sun Oct 23 11:18:36 2016] [ow_core_log] [Notice] Message: Undefined index: HTTP_USER_AGENT File: /home/dancemee/public_html/ow_core/request.php Line:137
[Sun Oct 23 11:18:38 2016] [ow_core_log] [Notice] Message: Undefined index: HTTP_USER_AGENT File: /home/dancemee/public_html/ow_core/request.php Line:137
[Sun Oct 23 11:18:39 2016] [ow_core_log] [Notice] Message: Undefined index: HTTP_USER_AGENT File: /home/dancemee/public_html/ow_core/request.php Line:137
[Sun Oct 23 11:18:40 2016] [ow_core_log] [Notice] Message: Undefined index: HTTP_USER_AGENT File: /home/dancemee/public_html/ow_core/request.php Line:137
[Sun Oct 23 11:18:41 2016] [ow_core_log] [Notice] Message: Undefined index: HTTP_USER_AGENT File: /home/dancemee/public_html/ow_core/request.php Line:137
[Sun Oct 23 11:18:42 2016] [ow_core_log] [Notice] Message: Undefined index: HTTP_USER_AGENT File: /home/dancemee/public_html/ow_core/request.php Line:137
[Sun Oct 23 11:18:43 2016] [ow_core_log] [Notice] Message: Undefined index: HTTP_USER_AGENT File: /home/dancemee/public_html/ow_core/request.php Line:137
[Sun Oct 23 11:18:44 2016] [ow_core_log] [Notice] Message: Undefined index: HTTP_USER_AGENT File: /home/dancemee/public_html/ow_core/request.php Line:137
[Sun Oct 23 23:39:57 2016] [ow_core_log] [Notice] Message: Undefined index: HTTP_USER_AGENT File: /home/dancemee/public_html/ow_core/request.php Line:137
[Sun Oct 23 23:39:59 2016] [ow_core_log] [Notice] Message: Undefined index: HTTP_USER_AGENT File: /home/dancemee/public_html/ow_core/request.php Line:137
[Sun Oct 23 23:40:00 2016] [ow_core_log] [Notice] Message: Undefined index: HTTP_USER_AGENT File: /home/dancemee/public_html/ow_core/request.php Line:137
[Sun Oct 23 23:40:01 2016] [ow_core_log] [Notice] Message: Undefined index: HTTP_USER_AGENT File: /home/dancemee/public_html/ow_core/request.php Line:137
[Sun Oct 23 23:40:03 2016] [ow_core_log] [Notice] Message: Undefined index: HTTP_USER_AGENT File: /home/dancemee/public_html/ow_core/request.php Line:137
[Sun Oct 23 23:40:04 2016] [ow_core_log] [Notice] Message: Undefined index: HTTP_USER_AGENT File: /home/dancemee/public_html/ow_core/request.php Line:137
[Sun Oct 23 23:40:05 2016] [ow_core_log] [Notice] Message: Undefined index: HTTP_USER_AGENT File: /home/dancemee/public_html/ow_core/request.php Line:137
[Sun Oct 23 23:40:07 2016] [ow_core_log] [Notice] Message: Undefined index: HTTP_USER_AGENT File: /home/dancemee/public_html/ow_core/request.php Line:137
[Sun Oct 23 23:40:08 2016] [ow_core_log] [Notice] Message: Undefined index: HTTP_USER_AGENT File: /home/dancemee/public_html/ow_core/request.php Line:137
[Sun Oct 23 23:40:09 2016] [ow_core_log] [Notice] Message: Undefined index: HTTP_USER_AGENT File: /home/dancemee/public_html/ow_core/request.php Line:137
[Sun Oct 23 23:40:10 2016] [ow_core_log] [Notice] Message: Undefined index: HTTP_USER_AGENT File: /home/dancemee/public_html/ow_core/request.php Line:137
[Sun Oct 23 23:40:11 2016] [ow_core_log] [Notice] Message: Undefined index: HTTP_USER_AGENT File: /home/dancemee/public_html/ow_core/request.php Line:137
[Sun Oct 23 23:40:12 2016] [ow_core_log] [Notice] Message: Undefined index: HTTP_USER_AGENT File: /home/dancemee/public_html/ow_core/request.php Line:137
[Sun Oct 23 23:40:13 2016] [ow_core_log] [Notice] Message: Undefined index: HTTP_USER_AGENT File: /home/dancemee/public_html/ow_core/request.php Line:137
[Sun Oct 23 23:40:14 2016] [ow_core_log] [Notice] Message: Undefined index: HTTP_USER_AGENT File: /home/dancemee/public_html/ow_core/request.php Line:137
[Mon Oct 24 3:18:21 2016] [ow_core_log] [Notice] Message: Undefined index: HTTP_USER_AGENT File: /home/dancemee/public_html/ow_core/request.php Line:137
[Mon Oct 24 3:18:23 2016] [ow_core_log] [Notice] Message: Undefined index: HTTP_USER_AGENT File: /home/dancemee/public_html/ow_core/request.php Line:137
[Mon Oct 24 3:18:24 2016] [ow_core_log] [Notice] Message: Undefined index: HTTP_USER_AGENT File: /home/dancemee/public_html/ow_core/request.php Line:137
[Mon Oct 24 3:18:25 2016] [ow_core_log] [Notice] Message: Undefined index: HTTP_USER_AGENT File: /home/dancemee/public_html/ow_core/request.php Line:137
[Mon Oct 24 3:18:27 2016] [ow_core_log] [Notice] Message: Undefined index: HTTP_USER_AGENT File: /home/dancemee/public_html/ow_core/request.php Line:137
[Mon Oct 24 3:18:28 2016] [ow_core_log] [Notice] Message: Undefined index: HTTP_USER_AGENT File: /home/dancemee/public_html/ow_core/request.php Line:137
[Mon Oct 24 3:18:29 2016] [ow_core_log] [Notice] Message: Undefined index: HTTP_USER_AGENT File: /home/dancemee/public_html/ow_core/request.php Line:137
[Mon Oct 24 3:18:31 2016] [ow_core_log] [Notice] Message: Undefined index: HTTP_USER_AGENT File: /home/dancemee/public_html/ow_core/request.php Line:137
[Mon Oct 24 3:18:32 2016] [ow_core_log] [Notice] Message: Undefined index: HTTP_USER_AGENT File: /home/dancemee/public_html/ow_core/request.php Line:137
[Mon Oct 24 3:18:33 2016] [ow_core_log] [Notice] Message: Undefined index: HTTP_USER_AGENT File: /home/dancemee/public_html/ow_core/request.php Line:137
[Mon Oct 24 3:18:34 2016] [ow_core_log] [Notice] Message: Undefined index: HTTP_USER_AGENT File: /home/dancemee/public_html/ow_core/request.php Line:137
[Mon Oct 24 3:18:35 2016] [ow_core_log] [Notice] Message: Undefined index: HTTP_USER_AGENT File: /home/dancemee/public_html/ow_core/request.php Line:137
[Mon Oct 24 3:18:36 2016] [ow_core_log] [Notice] Message: Undefined index: HTTP_USER_AGENT File: /home/dancemee/public_html/ow_core/request.php Line:137
[Mon Oct 24 3:18:38 2016] [ow_core_log] [Notice] Message: Undefined index: HTTP_USER_AGENT File: /home/dancemee/public_html/ow_core/request.php Line:137
[Mon Oct 24 3:18:39 2016] [ow_core_log] [Notice] Message: Undefined index: HTTP_USER_AGENT File: /home/dancemee/public_html/ow_core/request.php Line:137
[Mon Oct 24 11:51:48 2016] [ow_core_log] [Notice] Message: Undefined index: HTTP_USER_AGENT File: /home/dancemee/public_html/ow_core/request.php Line:137
[Mon Oct 24 11:51:49 2016] [ow_core_log] [Notice] Message: Undefined index: HTTP_USER_AGENT File: /home/dancemee/public_html/ow_core/request.php Line:137
[Mon Oct 24 11:51:50 2016] [ow_core_log] [Notice] Message: Undefined index: HTTP_USER_AGENT File: /home/dancemee/public_html/ow_core/request.php Line:137
[Mon Oct 24 11:51:51 2016] [ow_core_log] [Notice] Message: Undefined index: HTTP_USER_AGENT File: /home/dancemee/public_html/ow_core/request.php Line:137
[Mon Oct 24 11:51:52 2016] [ow_core_log] [Notice] Message: Undefined index: HTTP_USER_AGENT File: /home/dancemee/public_html/ow_core/request.php Line:137
[Mon Oct 24 11:51:53 2016] [ow_core_log] [Notice] Message: Undefined index: HTTP_USER_AGENT File: /home/dancemee/public_html/ow_core/request.php Line:137
[Mon Oct 24 11:51:54 2016] [ow_core_log] [Notice] Message: Undefined index: HTTP_USER_AGENT File: /home/dancemee/public_html/ow_core/request.php Line:137
[Mon Oct 24 11:51:54 2016] [ow_core_log] [Notice] Message: Undefined index: HTTP_USER_AGENT File: /home/dancemee/public_html/ow_core/request.php Line:137
[Mon Oct 24 11:51:55 2016] [ow_core_log] [Notice] Message: Undefined index: HTTP_USER_AGENT File: /home/dancemee/public_html/ow_core/request.php Line:137
[Mon Oct 24 11:51:57 2016] [ow_core_log] [Notice] Message: Undefined index: HTTP_USER_AGENT File: /home/dancemee/public_html/ow_core/request.php Line:137
[Mon Oct 24 11:51:58 2016] [ow_core_log] [Notice] Message: Undefined index: HTTP_USER_AGENT File: /home/dancemee/public_html/ow_core/request.php Line:137
[Mon Oct 24 11:51:59 2016] [ow_core_log] [Notice] Message: Undefined index: HTTP_USER_AGENT File: /home/dancemee/public_html/ow_core/request.php Line:137
[Mon Oct 24 11:51:59 2016] [ow_core_log] [Notice] Message: Undefined index: HTTP_USER_AGENT File: /home/dancemee/public_html/ow_core/request.php Line:137
[Mon Oct 24 11:52:00 2016] [ow_core_log] [Notice] Message: Undefined index: HTTP_USER_AGENT File: /home/dancemee/public_html/ow_core/request.php Line:137
[Mon Oct 24 11:52:02 2016] [ow_core_log] [Notice] Message: Undefined index: HTTP_USER_AGENT File: /home/dancemee/public_html/ow_core/request.php Line:137
[Mon Oct 24 14:17:23 2016] [ow_core_log] [Notice] Message: Undefined index: HTTP_USER_AGENT File: /home/dancemee/public_html/ow_core/request.php Line:137
[Mon Oct 24 15:17:36 2016] [ow_core_log] [Notice] Message: Undefined index: HTTP_USER_AGENT File: /home/dancemee/public_html/ow_core/request.php Line:137
[Mon Oct 24 15:17:38 2016] [ow_core_log] [Notice] Message: Undefined index: HTTP_USER_AGENT File: /home/dancemee/public_html/ow_core/request.php Line:137
[Mon Oct 24 15:17:40 2016] [ow_core_log] [Notice] Message: Undefined index: HTTP_USER_AGENT File: /home/dancemee/public_html/ow_core/request.php Line:137
[Mon Oct 24 15:39:51 2016] [ow_core_log] [Notice] Message: Undefined index: HTTP_USER_AGENT File: /home/dancemee/public_html/ow_core/request.php Line:137
[Mon Oct 24 15:39:52 2016] [ow_core_log] [Notice] Message: Undefined index: HTTP_USER_AGENT File: /home/dancemee/public_html/ow_core/request.php Line:137
[Mon Oct 24 15:39:53 2016] [ow_core_log] [Notice] Message: Undefined index: HTTP_USER_AGENT File: /home/dancemee/public_html/ow_core/request.php Line:137
[Mon Oct 24 15:39:55 2016] [ow_core_log] [Notice] Message: Undefined index: HTTP_USER_AGENT File: /home/dancemee/public_html/ow_core/request.php Line:137
[Mon Oct 24 15:39:57 2016] [ow_core_log] [Notice] Message: Undefined index: HTTP_USER_AGENT File: /home/dancemee/public_html/ow_core/request.php Line:137
[Mon Oct 24 15:39:58 2016] [ow_core_log] [Notice] Message: Undefined index: HTTP_USER_AGENT File: /home/dancemee/public_html/ow_core/request.php Line:137
[Mon Oct 24 15:40:01 2016] [ow_core_log] [Notice] Message: Undefined index: HTTP_USER_AGENT File: /home/dancemee/public_html/ow_core/request.php Line:137
[Mon Oct 24 15:40:02 2016] [ow_core_log] [Notice] Message: Undefined index: HTTP_USER_AGENT File: /home/dancemee/public_html/ow_core/request.php Line:137
[Mon Oct 24 15:40:04 2016] [ow_core_log] [Notice] Message: Undefined index: HTTP_USER_AGENT File: /home/dancemee/public_html/ow_core/request.php Line:137
[Mon Oct 24 15:40:05 2016] [ow_core_log] [Notice] Message: Undefined index: HTTP_USER_AGENT File: /home/dancemee/public_html/ow_core/request.php Line:137
[Mon Oct 24 15:40:06 2016] [ow_core_log] [Notice] Message: Undefined index: HTTP_USER_AGENT File: /home/dancemee/public_html/ow_core/request.php Line:137
[Mon Oct 24 15:40:08 2016] [ow_core_log] [Notice] Message: Undefined index: HTTP_USER_AGENT File: /home/dancemee/public_html/ow_core/request.php Line:137
[Mon Oct 24 15:40:09 2016] [ow_core_log] [Notice] Message: Undefined index: HTTP_USER_AGENT File: /home/dancemee/public_html/ow_core/request.php Line:137
[Mon Oct 24 15:40:10 2016] [ow_core_log] [Notice] Message: Undefined index: HTTP_USER_AGENT File: /home/dancemee/public_html/ow_core/request.php Line:137
[Mon Oct 24 15:40:12 2016] [ow_core_log] [Notice] Message: Undefined index: HTTP_USER_AGENT File: /home/dancemee/public_html/ow_core/request.php Line:137
[Thu Oct 27 15:15:16 2016] [ow_core_log] [Notice] Message: Undefined index: HTTP_USER_AGENT File: /home/dancemee/public_html/ow_core/request.php Line:137
[Sat Oct 29 18:31:12 2016] [ow_core_log] [Notice] Message: Undefined index: HTTP_USER_AGENT File: /home/dancemee/public_html/ow_core/request.php Line:137
[Tue Nov 1 3:49:44 2016] [ow_core_log] [Notice] Message: Undefined index: HTTP_USER_AGENT File: /home/dancemee/public_html/ow_core/request.php Line:137
[Tue Nov 1 3:50:12 2016] [ow_core_log] [Notice] Message: Undefined index: HTTP_USER_AGENT File: /home/dancemee/public_html/ow_core/request.php Line:137
[Tue Nov 1 10:13:11 2016] [ow_core_log] [Notice] Message: Undefined index: HTTP_USER_AGENT File: /home/dancemee/public_html/ow_core/request.php Line:137
[Tue Nov 1 10:13:12 2016] [ow_core_log] [Notice] Message: Undefined index: HTTP_USER_AGENT File: /home/dancemee/public_html/ow_core/request.php Line:137
[Tue Nov 1 10:13:13 2016] [ow_core_log] [Notice] Message: Undefined index: HTTP_USER_AGENT File: /home/dancemee/public_html/ow_core/request.php Line:137
[Tue Nov 1 10:13:14 2016] [ow_core_log] [Notice] Message: Undefined index: HTTP_USER_AGENT File: /home/dancemee/public_html/ow_core/request.php Line:137
[Tue Nov 1 10:13:15 2016] [ow_core_log] [Notice] Message: Undefined index: HTTP_USER_AGENT File: /home/dancemee/public_html/ow_core/request.php Line:137
[Tue Nov 1 10:13:16 2016] [ow_core_log] [Notice] Message: Undefined index: HTTP_USER_AGENT File: /home/dancemee/public_html/ow_core/request.php Line:137
[Tue Nov 1 10:13:17 2016] [ow_core_log] [Notice] Message: Undefined index: HTTP_USER_AGENT File: /home/dancemee/public_html/ow_core/request.php Line:137
[Tue Nov 1 10:13:18 2016] [ow_core_log] [Notice] Message: Undefined index: HTTP_USER_AGENT File: /home/dancemee/public_html/ow_core/request.php Line:137
[Tue Nov 1 10:13:19 2016] [ow_core_log] [Notice] Message: Undefined index: HTTP_USER_AGENT File: /home/dancemee/public_html/ow_core/request.php Line:137
[Tue Nov 1 10:13:19 2016] [ow_core_log] [Notice] Message: Undefined index: HTTP_USER_AGENT File: /home/dancemee/public_html/ow_core/request.php Line:137
[Tue Nov 1 10:13:20 2016] [ow_core_log] [Notice] Message: Undefined index: HTTP_USER_AGENT File: /home/dancemee/public_html/ow_core/request.php Line:137
[Tue Nov 1 10:13:21 2016] [ow_core_log] [Notice] Message: Undefined index: HTTP_USER_AGENT File: /home/dancemee/public_html/ow_core/request.php Line:137
[Tue Nov 1 10:13:22 2016] [ow_core_log] [Notice] Message: Undefined index: HTTP_USER_AGENT File: /home/dancemee/public_html/ow_core/request.php Line:137
[Tue Nov 1 10:13:23 2016] [ow_core_log] [Notice] Message: Undefined index: HTTP_USER_AGENT File: /home/dancemee/public_html/ow_core/request.php Line:137
[Tue Nov 1 10:13:24 2016] [ow_core_log] [Notice] Message: Undefined index: HTTP_USER_AGENT File: /home/dancemee/public_html/ow_core/request.php Line:137
[Tue Nov 1 19:02:17 2016] [ow_core_log] [Notice] Message: Undefined index: HTTP_USER_AGENT File: /home/dancemee/public_html/ow_core/request.php Line:137
[Tue Nov 1 19:02:19 2016] [ow_core_log] [Notice] Message: Undefined index: HTTP_USER_AGENT File: /home/dancemee/public_html/ow_core/request.php Line:137
[Tue Nov 1 19:02:19 2016] [ow_core_log] [Notice] Message: Undefined index: HTTP_USER_AGENT File: /home/dancemee/public_html/ow_core/request.php Line:137
[Tue Nov 1 19:02:20 2016] [ow_core_log] [Notice] Message: Undefined index: HTTP_USER_AGENT File: /home/dancemee/public_html/ow_core/request.php Line:137
[Tue Nov 1 19:02:21 2016] [ow_core_log] [Notice] Message: Undefined index: HTTP_USER_AGENT File: /home/dancemee/public_html/ow_core/request.php Line:137
[Tue Nov 1 19:02:22 2016] [ow_core_log] [Notice] Message: Undefined index: HTTP_USER_AGENT File: /home/dancemee/public_html/ow_core/request.php Line:137
[Tue Nov 1 19:02:23 2016] [ow_core_log] [Notice] Message: Undefined index: HTTP_USER_AGENT File: /home/dancemee/public_html/ow_core/request.php Line:137
[Tue Nov 1 19:02:24 2016] [ow_core_log] [Notice] Message: Undefined index: HTTP_USER_AGENT File: /home/dancemee/public_html/ow_core/request.php Line:137
[Tue Nov 1 19:02:25 2016] [ow_core_log] [Notice] Message: Undefined index: HTTP_USER_AGENT File: /home/dancemee/public_html/ow_core/request.php Line:137
[Tue Nov 1 19:02:26 2016] [ow_core_log] [Notice] Message: Undefined index: HTTP_USER_AGENT File: /home/dancemee/public_html/ow_core/request.php Line:137
[Tue Nov 1 19:02:27 2016] [ow_core_log] [Notice] Message: Undefined index: HTTP_USER_AGENT File: /home/dancemee/public_html/ow_core/request.php Line:137
[Tue Nov 1 19:02:28 2016] [ow_core_log] [Notice] Message: Undefined index: HTTP_USER_AGENT File: /home/dancemee/public_html/ow_core/request.php Line:137
[Tue Nov 1 19:02:29 2016] [ow_core_log] [Notice] Message: Undefined index: HTTP_USER_AGENT File: /home/dancemee/public_html/ow_core/request.php Line:137
[Tue Nov 1 19:02:30 2016] [ow_core_log] [Notice] Message: Undefined index: HTTP_USER_AGENT File: /home/dancemee/public_html/ow_core/request.php Line:137
[Tue Nov 1 19:02:31 2016] [ow_core_log] [Notice] Message: Undefined index: HTTP_USER_AGENT File: /home/dancemee/public_html/ow_core/request.php Line:137
[Wed Nov 2 6:59:04 2016] [ow_core_log] [Notice] Message: Undefined index: HTTP_USER_AGENT File: /home/dancemee/public_html/ow_core/request.php Line:137
[Wed Nov 2 6:59:06 2016] [ow_core_log] [Notice] Message: Undefined index: HTTP_USER_AGENT File: /home/dancemee/public_html/ow_core/request.php Line:137
[Thu Nov 3 1:42:48 2016] [ow_core_log] [Notice] Message: Undefined index: HTTP_USER_AGENT File: /home/dancemee/public_html/ow_core/request.php Line:137
[Thu Nov 3 1:42:49 2016] [ow_core_log] [Notice] Message: Undefined index: HTTP_USER_AGENT File: /home/dancemee/public_html/ow_core/request.php Line:137
[Thu Nov 3 1:42:49 2016] [ow_core_log] [Notice] Message: Undefined index: HTTP_USER_AGENT File: /home/dancemee/public_html/ow_core/request.php Line:137
[Thu Nov 3 1:42:50 2016] [ow_core_log] [Notice] Message: Undefined index: HTTP_USER_AGENT File: /home/dancemee/public_html/ow_core/request.php Line:137
[Thu Nov 3 1:42:51 2016] [ow_core_log] [Notice] Message: Undefined index: HTTP_USER_AGENT File: /home/dancemee/public_html/ow_core/request.php Line:137
[Thu Nov 3 1:42:52 2016] [ow_core_log] [Notice] Message: Undefined index: HTTP_USER_AGENT File: /home/dancemee/public_html/ow_core/request.php Line:137
[Thu Nov 3 1:42:53 2016] [ow_core_log] [Notice] Message: Undefined index: HTTP_USER_AGENT File: /home/dancemee/public_html/ow_core/request.php Line:137
[Thu Nov 3 1:42:54 2016] [ow_core_log] [Notice] Message: Undefined index: HTTP_USER_AGENT File: /home/dancemee/public_html/ow_core/request.php Line:137
[Thu Nov 3 1:42:54 2016] [ow_core_log] [Notice] Message: Undefined index: HTTP_USER_AGENT File: /home/dancemee/public_html/ow_core/request.php Line:137
[Thu Nov 3 1:42:55 2016] [ow_core_log] [Notice] Message: Undefined index: HTTP_USER_AGENT File: /home/dancemee/public_html/ow_core/request.php Line:137
[Thu Nov 3 1:42:56 2016] [ow_core_log] [Notice] Message: Undefined index: HTTP_USER_AGENT File: /home/dancemee/public_html/ow_core/request.php Line:137
[Thu Nov 3 1:42:57 2016] [ow_core_log] [Notice] Message: Undefined index: HTTP_USER_AGENT File: /home/dancemee/public_html/ow_core/request.php Line:137
[Thu Nov 3 1:42:58 2016] [ow_core_log] [Notice] Message: Undefined index: HTTP_USER_AGENT File: /home/dancemee/public_html/ow_core/request.php Line:137
[Thu Nov 3 1:42:59 2016] [ow_core_log] [Notice] Message: Undefined index: HTTP_USER_AGENT File: /home/dancemee/public_html/ow_core/request.php Line:137
[Thu Nov 3 1:42:59 2016] [ow_core_log] [Notice] Message: Undefined index: HTTP_USER_AGENT File: /home/dancemee/public_html/ow_core/request.php Line:137
[Fri Nov 4 19:29:48 2016] [ow_core_log] [Notice] Message: Undefined index: HTTP_USER_AGENT File: /home/dancemee/public_html/ow_core/request.php Line:137
[Fri Nov 4 19:29:49 2016] [ow_core_log] [Notice] Message: Undefined index: HTTP_USER_AGENT File: /home/dancemee/public_html/ow_core/request.php Line:137
[Sat Nov 5 8:47:27 2016] [ow_core_log] [Notice] Message: Undefined index: HTTP_USER_AGENT File: /home/dancemee/public_html/ow_core/request.php Line:137
[Sat Nov 5 8:47:28 2016] [ow_core_log] [Notice] Message: Undefined index: HTTP_USER_AGENT File: /home/dancemee/public_html/ow_core/request.php Line:137
[Sat Nov 5 8:47:29 2016] [ow_core_log] [Notice] Message: Undefined index: HTTP_USER_AGENT File: /home/dancemee/public_html/ow_core/request.php Line:137
[Sat Nov 5 8:47:30 2016] [ow_core_log] [Notice] Message: Undefined index: HTTP_USER_AGENT File: /home/dancemee/public_html/ow_core/request.php Line:137
[Sat Nov 5 8:47:31 2016] [ow_core_log] [Notice] Message: Undefined index: HTTP_USER_AGENT File: /home/dancemee/public_html/ow_core/request.php Line:137
[Sat Nov 5 8:47:32 2016] [ow_core_log] [Notice] Message: Undefined index: HTTP_USER_AGENT File: /home/dancemee/public_html/ow_core/request.php Line:137
[Sat Nov 5 8:47:34 2016] [ow_core_log] [Notice] Message: Undefined index: HTTP_USER_AGENT File: /home/dancemee/public_html/ow_core/request.php Line:137
[Sat Nov 5 8:47:35 2016] [ow_core_log] [Notice] Message: Undefined index: HTTP_USER_AGENT File: /home/dancemee/public_html/ow_core/request.php Line:137
[Sat Nov 5 8:47:36 2016] [ow_core_log] [Notice] Message: Undefined index: HTTP_USER_AGENT File: /home/dancemee/public_html/ow_core/request.php Line:137
[Sat Nov 5 8:47:37 2016] [ow_core_log] [Notice] Message: Undefined index: HTTP_USER_AGENT File: /home/dancemee/public_html/ow_core/request.php Line:137
[Sat Nov 5 8:47:38 2016] [ow_core_log] [Notice] Message: Undefined index: HTTP_USER_AGENT File: /home/dancemee/public_html/ow_core/request.php Line:137
[Sat Nov 5 8:47:39 2016] [ow_core_log] [Notice] Message: Undefined index: HTTP_USER_AGENT File: /home/dancemee/public_html/ow_core/request.php Line:137
[Sat Nov 5 8:47:40 2016] [ow_core_log] [Notice] Message: Undefined index: HTTP_USER_AGENT File: /home/dancemee/public_html/ow_core/request.php Line:137
[Sat Nov 5 8:47:41 2016] [ow_core_log] [Notice] Message: Undefined index: HTTP_USER_AGENT File: /home/dancemee/public_html/ow_core/request.php Line:137
[Sat Nov 5 8:47:42 2016] [ow_core_log] [Notice] Message: Undefined index: HTTP_USER_AGENT File: /home/dancemee/public_html/ow_core/request.php Line:137
[Sat Nov 5 11:29:17 2016] [ow_core_log] [Notice] Message: Undefined index: HTTP_USER_AGENT File: /home/dancemee/public_html/ow_core/request.php Line:137
[Sat Nov 5 11:29:18 2016] [ow_core_log] [Notice] Message: Undefined index: HTTP_USER_AGENT File: /home/dancemee/public_html/ow_core/request.php Line:137
[Sat Nov 5 11:29:19 2016] [ow_core_log] [Notice] Message: Undefined index: HTTP_USER_AGENT File: /home/dancemee/public_html/ow_core/request.php Line:137
[Sat Nov 5 11:29:20 2016] [ow_core_log] [Notice] Message: Undefined index: HTTP_USER_AGENT File: /home/dancemee/public_html/ow_core/request.php Line:137
[Sat Nov 5 11:29:21 2016] [ow_core_log] [Notice] Message: Undefined index: HTTP_USER_AGENT File: /home/dancemee/public_html/ow_core/request.php Line:137
[Sat Nov 5 11:29:21 2016] [ow_core_log] [Notice] Message: Undefined index: HTTP_USER_AGENT File: /home/dancemee/public_html/ow_core/request.php Line:137
[Sat Nov 5 11:29:22 2016] [ow_core_log] [Notice] Message: Undefined index: HTTP_USER_AGENT File: /home/dancemee/public_html/ow_core/request.php Line:137
[Sat Nov 5 11:29:23 2016] [ow_core_log] [Notice] Message: Undefined index: HTTP_USER_AGENT File: /home/dancemee/public_html/ow_core/request.php Line:137
[Sat Nov 5 11:29:24 2016] [ow_core_log] [Notice] Message: Undefined index: HTTP_USER_AGENT File: /home/dancemee/public_html/ow_core/request.php Line:137
[Sat Nov 5 11:29:25 2016] [ow_core_log] [Notice] Message: Undefined index: HTTP_USER_AGENT File: /home/dancemee/public_html/ow_core/request.php Line:137
[Sat Nov 5 11:29:26 2016] [ow_core_log] [Notice] Message: Undefined index: HTTP_USER_AGENT File: /home/dancemee/public_html/ow_core/request.php Line:137
[Sat Nov 5 11:29:27 2016] [ow_core_log] [Notice] Message: Undefined index: HTTP_USER_AGENT File: /home/dancemee/public_html/ow_core/request.php Line:137
[Sat Nov 5 11:29:28 2016] [ow_core_log] [Notice] Message: Undefined index: HTTP_USER_AGENT File: /home/dancemee/public_html/ow_core/request.php Line:137
[Sat Nov 5 11:29:28 2016] [ow_core_log] [Notice] Message: Undefined index: HTTP_USER_AGENT File: /home/dancemee/public_html/ow_core/request.php Line:137
[Sat Nov 5 11:29:29 2016] [ow_core_log] [Notice] Message: Undefined index: HTTP_USER_AGENT File: /home/dancemee/public_html/ow_core/request.php Line:137
[Sun Nov 6 0:26:19 2016] [ow_core_log] [Notice] Message: Undefined index: HTTP_USER_AGENT File: /home/dancemee/public_html/ow_core/request.php Line:137
[Sun Nov 6 0:26:20 2016] [ow_core_log] [Notice] Message: Undefined index: HTTP_USER_AGENT File: /home/dancemee/public_html/ow_core/request.php Line:137
[Sun Nov 6 0:26:20 2016] [ow_core_log] [Notice] Message: Undefined index: HTTP_USER_AGENT File: /home/dancemee/public_html/ow_core/request.php Line:137
[Sun Nov 6 0:26:21 2016] [ow_core_log] [Notice] Message: Undefined index: HTTP_USER_AGENT File: /home/dancemee/public_html/ow_core/request.php Line:137
[Sun Nov 6 0:26:22 2016] [ow_core_log] [Notice] Message: Undefined index: HTTP_USER_AGENT File: /home/dancemee/public_html/ow_core/request.php Line:137
[Sun Nov 6 0:26:23 2016] [ow_core_log] [Notice] Message: Undefined index: HTTP_USER_AGENT File: /home/dancemee/public_html/ow_core/request.php Line:137
[Sun Nov 6 0:26:23 2016] [ow_core_log] [Notice] Message: Undefined index: HTTP_USER_AGENT File: /home/dancemee/public_html/ow_core/request.php Line:137
[Sun Nov 6 0:26:24 2016] [ow_core_log] [Notice] Message: Undefined index: HTTP_USER_AGENT File: /home/dancemee/public_html/ow_core/request.php Line:137
[Sun Nov 6 0:26:25 2016] [ow_core_log] [Notice] Message: Undefined index: HTTP_USER_AGENT File: /home/dancemee/public_html/ow_core/request.php Line:137
[Sun Nov 6 0:26:26 2016] [ow_core_log] [Notice] Message: Undefined index: HTTP_USER_AGENT File: /home/dancemee/public_html/ow_core/request.php Line:137
[Sun Nov 6 0:26:26 2016] [ow_core_log] [Notice] Message: Undefined index: HTTP_USER_AGENT File: /home/dancemee/public_html/ow_core/request.php Line:137
[Sun Nov 6 0:26:27 2016] [ow_core_log] [Notice] Message: Undefined index: HTTP_USER_AGENT File: /home/dancemee/public_html/ow_core/request.php Line:137
[Sun Nov 6 0:26:28 2016] [ow_core_log] [Notice] Message: Undefined index: HTTP_USER_AGENT File: /home/dancemee/public_html/ow_core/request.php Line:137
[Sun Nov 6 0:26:29 2016] [ow_core_log] [Notice] Message: Undefined index: HTTP_USER_AGENT File: /home/dancemee/public_html/ow_core/request.php Line:137
[Sun Nov 6 0:26:29 2016] [ow_core_log] [Notice] Message: Undefined index: HTTP_USER_AGENT File: /home/dancemee/public_html/ow_core/request.php Line:137
[Sun Nov 6 6:14:45 2016] [ow_core_log] [Notice] Message: Undefined index: HTTP_USER_AGENT File: /home/dancemee/public_html/ow_core/request.php Line:137
[Sun Nov 6 6:14:46 2016] [ow_core_log] [Notice] Message: Undefined index: HTTP_USER_AGENT File: /home/dancemee/public_html/ow_core/request.php Line:137
[Sun Nov 6 6:14:47 2016] [ow_core_log] [Notice] Message: Undefined index: HTTP_USER_AGENT File: /home/dancemee/public_html/ow_core/request.php Line:137
[Sun Nov 6 6:14:47 2016] [ow_core_log] [Notice] Message: Undefined index: HTTP_USER_AGENT File: /home/dancemee/public_html/ow_core/request.php Line:137
[Sun Nov 6 6:14:48 2016] [ow_core_log] [Notice] Message: Undefined index: HTTP_USER_AGENT File: /home/dancemee/public_html/ow_core/request.php Line:137
[Sun Nov 6 6:14:48 2016] [ow_core_log] [Notice] Message: Undefined index: HTTP_USER_AGENT File: /home/dancemee/public_html/ow_core/request.php Line:137
[Sun Nov 6 6:14:49 2016] [ow_core_log] [Notice] Message: Undefined index: HTTP_USER_AGENT File: /home/dancemee/public_html/ow_core/request.php Line:137
[Sun Nov 6 6:14:49 2016] [ow_core_log] [Notice] Message: Undefined index: HTTP_USER_AGENT File: /home/dancemee/public_html/ow_core/request.php Line:137
[Sun Nov 6 6:14:50 2016] [ow_core_log] [Notice] Message: Undefined index: HTTP_USER_AGENT File: /home/dancemee/public_html/ow_core/request.php Line:137
[Sun Nov 6 6:14:50 2016] [ow_core_log] [Notice] Message: Undefined index: HTTP_USER_AGENT File: /home/dancemee/public_html/ow_core/request.php Line:137
[Sun Nov 6 6:14:51 2016] [ow_core_log] [Notice] Message: Undefined index: HTTP_USER_AGENT File: /home/dancemee/public_html/ow_core/request.php Line:137
[Sun Nov 6 6:14:51 2016] [ow_core_log] [Notice] Message: Undefined index: HTTP_USER_AGENT File: /home/dancemee/public_html/ow_core/request.php Line:137
[Sun Nov 6 6:14:52 2016] [ow_core_log] [Notice] Message: Undefined index: HTTP_USER_AGENT File: /home/dancemee/public_html/ow_core/request.php Line:137
[Sun Nov 6 6:14:52 2016] [ow_core_log] [Notice] Message: Undefined index: HTTP_USER_AGENT File: /home/dancemee/public_html/ow_core/request.php Line:137
[Sun Nov 6 6:14:53 2016] [ow_core_log] [Notice] Message: Undefined index: HTTP_USER_AGENT File: /home/dancemee/public_html/ow_core/request.php Line:137
[Sun Nov 6 14:33:47 2016] [ow_core_log] [Notice] Message: Undefined index: HTTP_USER_AGENT File: /home/dancemee/public_html/ow_core/request.php Line:137
[Sun Nov 6 14:33:48 2016] [ow_core_log] [Notice] Message: Undefined index: HTTP_USER_AGENT File: /home/dancemee/public_html/ow_core/request.php Line:137
[Sun Nov 6 14:33:49 2016] [ow_core_log] [Notice] Message: Undefined index: HTTP_USER_AGENT File: /home/dancemee/public_html/ow_core/request.php Line:137
[Sun Nov 6 14:33:50 2016] [ow_core_log] [Notice] Message: Undefined index: HTTP_USER_AGENT File: /home/dancemee/public_html/ow_core/request.php Line:137
[Sun Nov 6 14:33:51 2016] [ow_core_log] [Notice] Message: Undefined index: HTTP_USER_AGENT File: /home/dancemee/public_html/ow_core/request.php Line:137
[Sun Nov 6 14:33:52 2016] [ow_core_log] [Notice] Message: Undefined index: HTTP_USER_AGENT File: /home/dancemee/public_html/ow_core/request.php Line:137
[Sun Nov 6 14:33:53 2016] [ow_core_log] [Notice] Message: Undefined index: HTTP_USER_AGENT File: /home/dancemee/public_html/ow_core/request.php Line:137
[Sun Nov 6 14:33:54 2016] [ow_core_log] [Notice] Message: Undefined index: HTTP_USER_AGENT File: /home/dancemee/public_html/ow_core/request.php Line:137
[Sun Nov 6 14:33:54 2016] [ow_core_log] [Notice] Message: Undefined index: HTTP_USER_AGENT File: /home/dancemee/public_html/ow_core/request.php Line:137
[Sun Nov 6 14:33:55 2016] [ow_core_log] [Notice] Message: Undefined index: HTTP_USER_AGENT File: /home/dancemee/public_html/ow_core/request.php Line:137
[Sun Nov 6 14:33:56 2016] [ow_core_log] [Notice] Message: Undefined index: HTTP_USER_AGENT File: /home/dancemee/public_html/ow_core/request.php Line:137
[Sun Nov 6 14:33:57 2016] [ow_core_log] [Notice] Message: Undefined index: HTTP_USER_AGENT File: /home/dancemee/public_html/ow_core/request.php Line:137
[Sun Nov 6 14:33:58 2016] [ow_core_log] [Notice] Message: Undefined index: HTTP_USER_AGENT File: /home/dancemee/public_html/ow_core/request.php Line:137
[Sun Nov 6 14:33:59 2016] [ow_core_log] [Notice] Message: Undefined index: HTTP_USER_AGENT File: /home/dancemee/public_html/ow_core/request.php Line:137
[Sun Nov 6 14:33:59 2016] [ow_core_log] [Notice] Message: Undefined index: HTTP_USER_AGENT File: /home/dancemee/public_html/ow_core/request.php Line:137
[Tue Nov 15 15:21:57 2016] [ow_core_log] [Notice] Message: Undefined index: HTTP_USER_AGENT File: /home/dancemee/public_html/ow_core/request.php Line:137
[Wed Nov 16 16:28:46 2016] [ow_core_log] [Notice] Message: Undefined index: HTTP_USER_AGENT File: /home/dancemee/public_html/ow_core/request.php Line:137
[Sun Nov 20 2:00:31 2016] [ow_core_log] [Notice] Message: Undefined index: user File: /home/dancemee/public_html/ow_plugins/photo/components/page_head.php Line:128
[Sun Nov 20 2:00:31 2016] [ow_core_log] [Exception] Message: SQLSTATE[42000]: Syntax error or access violation: 1064 You have an error in your SQL syntax; check the manual that corresponds to your MySQL server version for the right syntax to use near 'LIMIT 0, 1' at line 1 File: /home/dancemee/public_html/ow_core/database.php Line:723 Trace: [#0 /home/dancemee/public_html/ow_core/database.php(723): PDOStatement->execute() | #1 /home/dancemee/public_html/ow_core/database.php(308): OW_Database->execute('SELECT * FROM o...', Array) | #2 /home/dancemee/public_html/ow_core/base_dao.php(114): OW_Database->queryForObject('SELECT * FROM o...', 'BOL_User', Array, 0, Array) | #3 /home/dancemee/public_html/ow_system_plugins/base/bol/user_dao.php(200): OW_BaseDao->findObjectByExample(Object(OW_Example)) | #4 /home/dancemee/public_html/ow_system_plugins/base/bol/user_service.php(326): BOL_UserDao->findByUserName(NULL) | #5 /home/dancemee/public_html/ow_plugins/photo/components/page_head.php(128): BOL_UserService->findByUsername(NULL) | #6 [internal function]: PHOTO_CMP_PageHead->__construct(false, NULL) | #7 /home/dancemee/public_html/ow_core/ow.php(492): ReflectionClass->newInstanceArgs(Array) | #8 /home/dancemee/public_html/ow_core/ow.php(456): OW::getClassInstanceArray('PHOTO_CMP_PageH...', Array) | #9 /home/dancemee/public_html/ow_plugins/photo/controllers/photo.php(184): OW::getClassInstance('PHOTO_CMP_PageH...', false, NULL) | #10 /home/dancemee/public_html/ow_core/request_handler.php(224): PHOTO_CTRL_Photo->init() | #11 /home/dancemee/public_html/ow_core/application.php(346): OW_RequestHandler->dispatch() | #12 /home/dancemee/public_html/index.php(76): OW_Application->handleRequest() | #13 {main}]
[Mon Nov 21 18:05:06 2016] [ow_core_log] [Notice] Message: Undefined index: user File: /home/dancemee/public_html/ow_plugins/photo/components/page_head.php Line:128
[Mon Nov 21 18:05:06 2016] [ow_core_log] [Exception] Message: SQLSTATE[42000]: Syntax error or access violation: 1064 You have an error in your SQL syntax; check the manual that corresponds to your MySQL server version for the right syntax to use near 'LIMIT 0, 1' at line 1 File: /home/dancemee/public_html/ow_core/database.php Line:723 Trace: [#0 /home/dancemee/public_html/ow_core/database.php(723): PDOStatement->execute() | #1 /home/dancemee/public_html/ow_core/database.php(308): OW_Database->execute('SELECT * FROM o...', Array) | #2 /home/dancemee/public_html/ow_core/base_dao.php(114): OW_Database->queryForObject('SELECT * FROM o...', 'BOL_User', Array, 0, Array) | #3 /home/dancemee/public_html/ow_system_plugins/base/bol/user_dao.php(200): OW_BaseDao->findObjectByExample(Object(OW_Example)) | #4 /home/dancemee/public_html/ow_system_plugins/base/bol/user_service.php(326): BOL_UserDao->findByUserName(NULL) | #5 /home/dancemee/public_html/ow_plugins/photo/components/page_head.php(128): BOL_UserService->findByUsername(NULL) | #6 [internal function]: PHOTO_CMP_PageHead->__construct(false, NULL) | #7 /home/dancemee/public_html/ow_core/ow.php(492): ReflectionClass->newInstanceArgs(Array) | #8 /home/dancemee/public_html/ow_core/ow.php(456): OW::getClassInstanceArray('PHOTO_CMP_PageH...', Array) | #9 /home/dancemee/public_html/ow_plugins/photo/controllers/photo.php(184): OW::getClassInstance('PHOTO_CMP_PageH...', false, NULL) | #10 /home/dancemee/public_html/ow_core/request_handler.php(224): PHOTO_CTRL_Photo->init() | #11 /home/dancemee/public_html/ow_core/application.php(346): OW_RequestHandler->dispatch() | #12 /home/dancemee/public_html/index.php(76): OW_Application->handleRequest() | #13 {main}]
